c:\users\alban\source\repos\nabal22\projet-demineur\x64\debug\vc142.pdb
c:\users\alban\source\repos\nabal22\projet-demineur\x64\debug\vc142.idb
c:\users\alban\source\repos\nabal22\projet-demineur\x64\debug\grille.sbr
c:\users\alban\source\repos\nabal22\projet-demineur\x64\debug\main.sbr
c:\users\alban\source\repos\nabal22\projet-demineur\x64\debug\etatpartie.sbr
c:\users\alban\source\repos\nabal22\projet-demineur\x64\debug\probleme.sbr
c:\users\alban\source\repos\nabal22\projet-demineur\x64\debug\prodcoup.sbr
c:\users\alban\source\repos\nabal22\projet-demineur\x64\debug\prodgrille.sbr
c:\users\alban\source\repos\nabal22\projet-demineur\x64\debug\tableau.sbr
c:\users\alban\source\repos\nabal22\projet-demineur\x64\debug\tableau.obj
c:\users\alban\source\repos\nabal22\projet-demineur\x64\debug\prodgrille.obj
c:\users\alban\source\repos\nabal22\projet-demineur\x64\debug\prodcoup.obj
c:\users\alban\source\repos\nabal22\projet-demineur\x64\debug\probleme.obj
c:\users\alban\source\repos\nabal22\projet-demineur\x64\debug\etatpartie.obj
c:\users\alban\source\repos\nabal22\projet-demineur\x64\debug\main.obj
c:\users\alban\source\repos\nabal22\projet-demineur\x64\debug\grille.obj
c:\users\alban\source\repos\nabal22\projet-demineur\x64\debug\projet_demineur.ilk
c:\users\alban\source\repos\nabal22\projet-demineur\x64\debug\projet_demineur.exe
c:\users\alban\source\repos\nabal22\projet-demineur\x64\debug\projet_demineur.pdb
c:\users\alban\source\repos\nabal22\projet-demineur\x64\debug\projet_demineur.bsc
c:\users\alban\source\repos\nabal22\projet-demineur\x64\debug\projet_demineur.tlog\bscmake.command.1.tlog
c:\users\alban\source\repos\nabal22\projet-demineur\x64\debug\projet_demineur.tlog\bscmake.read.1.tlog
c:\users\alban\source\repos\nabal22\projet-demineur\x64\debug\projet_demineur.tlog\cl.command.1.tlog
c:\users\alban\source\repos\nabal22\projet-demineur\x64\debug\projet_demineur.tlog\cl.read.1.tlog
c:\users\alban\source\repos\nabal22\projet-demineur\x64\debug\projet_demineur.tlog\cl.write.1.tlog
c:\users\alban\source\repos\nabal22\projet-demineur\x64\debug\projet_demineur.tlog\link.command.1.tlog
c:\users\alban\source\repos\nabal22\projet-demineur\x64\debug\projet_demineur.tlog\link.read.1.tlog
c:\users\alban\source\repos\nabal22\projet-demineur\x64\debug\projet_demineur.tlog\link.write.1.tlog
